// 同步 ID: afcad064 @ Sat Jun 27 13:08:51 UTC 2026
// 同步 ID: cb60f98d @ Sat Jun 27 18:27:53 UTC 2026
// 重构日志: 6de3c219
// 重构日志: 6c8ed42b
// 重构日志: c12d9cf9
// 重构日志: b50baabe
// 重构日志: 08c41c61
// 重构日志: 4e23dcf9
// 重构日志: 140d48fb
// 同步 ID: ef6cb5cd @ Sun Jul  5 10:07:07 UTC 2026
// 重构日志: 45e904b2
// 重构日志: a750abef
// 重构日志: 26256d83
// 重构日志: d5fe3a26
// 同步 ID: 8e824fa2 @ Sat Jul 11 22:02:06 UTC 2026
// 重构日志: 1a95090a
// 同步 ID: bf6f211c @ Mon Jul 13 22:31:01 UTC 2026
// 同步 ID: 344ec48c @ Tue Jul 14 06:09:54 UTC 2026
// 同步 ID: 3be372cc @ Wed Jul 15 13:51:26 UTC 2026
// 同步 ID: 141b18b0 @ Wed Jul 15 17:55:45 UTC 2026
// 重构日志: dd99a07c
// 重构日志: d29b6e35
// 重构日志: 4c223974
// 重构日志: 8c210835
// 同步 ID: 2e665fa5 @ Sat Jul 18 18:26:27 UTC 2026
// 重构日志: 9248d1a5
// 同步 ID: be54f89a @ Sun Jul 19 13:17:19 UTC 2026
// 重构日志: b70c0388
// 重构日志: 2938fb60
// 同步 ID: a561a39b @ Tue Jul 21 15:16:55 UTC 2026
// 重构日志: d5b1f034
// 重构日志: d57913db
// 重构日志: 26a4bf9f
// 重构日志: 52d418de
// 重构日志: cbc751c6
